<?xml version="1.0" encoding="UTF-8"?>
<!-- Generated by org.testng.reporters.JUnitReportReporter -->
<testsuite skipped="0" hostname="DESKTOP-CFCNF77" name="test.day1" tests="3" failures="0" timestamp="8 Oct 2019 13:39:30 GMT" time="0.018" errors="0">
  <testcase name="firstTestMethod" time="0.013" classname="test.day1"/>
  <testcase name="secondTestMethod" time="0.003" classname="test.day1"/>
  <testcase name="verifyParameterization" time="0.002" classname="test.day1"/>
</testsuite> <!-- test.day1 -->
