<?xml version="1.0" encoding="UTF-8"?>
<!-- Generated by org.testng.reporters.JUnitReportReporter -->
<testsuite skipped="1" hostname="DESKTOP-CFCNF77" name="test.day5" tests="1" failures="0" timestamp="8 Oct 2019 12:44:30 GMT" time="0.000" errors="0">
  <testcase name="readingExcelData" time="0.000" classname="test.day5">
    <skipped/>
  </testcase> <!-- readingExcelData -->
</testsuite> <!-- test.day5 -->
