<?xml version="1.0" encoding="UTF-8"?>
<!-- Generated by org.testng.reporters.JUnitReportReporter -->
<testsuite skipped="0" hostname="DESKTOP-CFCNF77" name="test.day2" tests="4" failures="0" timestamp="8 Oct 2019 13:39:30 GMT" time="0.015" errors="0">
  <testcase name="AfterSuiteValidation" time="0.009" classname="test.day2"/>
  <testcase name="secondTestMethodDay2" time="0.001" classname="test.day2"/>
  <testcase name="BeforeSuiteValidation" time="0.003" classname="test.day2"/>
  <testcase name="firstTestMethodDay2" time="0.002" classname="test.day2"/>
</testsuite> <!-- test.day2 -->
