<?xml version="1.0" encoding="UTF-8"?>
<!-- Generated by org.testng.reporters.JUnitReportReporter -->
<testsuite skipped="0" hostname="DESKTOP-CFCNF77" name="test.day3" tests="4" failures="0" timestamp="8 Oct 2019 13:39:30 GMT" time="0.034" errors="0">
  <testcase name="testAfterMethod" time="0.002" classname="test.day3"/>
  <testcase name="webloginCarLoan" time="0.012" classname="test.day3"/>
  <testcase name="testBeforeMethod" time="0.002" classname="test.day3"/>
  <testcase name="loginAPICarLoan" time="0.018" classname="test.day3"/>
</testsuite> <!-- test.day3 -->
