<?xml version="1.0" encoding="UTF-8"?>
<!-- Generated by org.testng.reporters.JUnitReportReporter -->
<testsuite skipped="0" hostname="DESKTOP-CFCNF77" name="excelReader.excelReader.AppiumTest" tests="2" failures="0" timestamp="13 Oct 2019 12:38:45 GMT" time="0.000" errors="0">
  <testcase name="mobileAutomation" time="0.000" classname="excelReader.excelReader.AppiumTest"/>
  <testcase name="mobileAutomation2" time="0.000" classname="excelReader.excelReader.AppiumTest"/>
</testsuite> <!-- excelReader.excelReader.AppiumTest -->
