<?xml version="1.0" encoding="UTF-8"?>
<!-- Generated by org.testng.reporters.JUnitReportReporter -->
<testsuite skipped="0" hostname="DESKTOP-CFCNF77" name="excelReader.excelReader.excelDataProviderTest" tests="3" failures="0" timestamp="13 Oct 2019 12:31:51 GMT" time="0.006" errors="0">
  <testcase name="readingExcelData" time="0.006" classname="excelReader.excelReader.excelDataProviderTest"/>
  <testcase name="readingExcelData" time="0.000" classname="excelReader.excelReader.excelDataProviderTest"/>
  <testcase name="readingExcelData" time="0.000" classname="excelReader.excelReader.excelDataProviderTest"/>
</testsuite> <!-- excelReader.excelReader.excelDataProviderTest -->
