<?xml version="1.0" encoding="UTF-8"?>
<!-- Generated by org.testng.reporters.JUnitReportReporter -->
<testsuite skipped="0" hostname="DESKTOP-CFCNF77" name="excelReader.excelReader.RestAssuredTest" tests="2" failures="0" timestamp="13 Oct 2019 12:38:45 GMT" time="0.017" errors="0">
  <testcase name="RestAssuredTest1" time="0.017" classname="excelReader.excelReader.RestAssuredTest"/>
  <testcase name="SeleniumTest2" time="0.000" classname="excelReader.excelReader.RestAssuredTest"/>
</testsuite> <!-- excelReader.excelReader.RestAssuredTest -->
